[debug] [2021-02-26T21:52:50.431Z] ----------------------------------------------------------------------
[debug] [2021-02-26T21:52:50.433Z] Command:       C:\Program Files\nodejs\node.exe C:\Users\Probe\AppData\Roaming\npm\node_modules\firebase-tools\lib\bin\firebase.js deploy
[debug] [2021-02-26T21:52:50.433Z] CLI Version:   9.1.0
[debug] [2021-02-26T21:52:50.433Z] Platform:      win32
[debug] [2021-02-26T21:52:50.433Z] Node Version:  v14.15.1
[debug] [2021-02-26T21:52:50.434Z] Time:          Fri Feb 26 2021 23:52:50 GMT+0200 (Israel Standard Time)
[debug] [2021-02-26T21:52:50.434Z] ----------------------------------------------------------------------
[debug] [2021-02-26T21:52:50.435Z] 
[debug] [2021-02-26T21:52:50.440Z] > command requires scopes: ["email","openid","https://www.googleapis.com/auth/cloudplatformprojects.readonly","https://www.googleapis.com/auth/firebase","https://www.googleapis.com/auth/cloud-platform"]
[debug] [2021-02-26T21:52:50.440Z] > authorizing via signed-in user
[debug] [2021-02-26T21:52:50.440Z] [iam] checking project incredi-client for permissions ["firebase.projects.get","firebasehosting.sites.update"]
[debug] [2021-02-26T21:52:50.442Z] >>> HTTP REQUEST POST https://cloudresourcemanager.googleapis.com/v1/projects/incredi-client:testIamPermissions  
 {"permissions":["firebase.projects.get","firebasehosting.sites.update"]}
[debug] [2021-02-26T21:55:47.418Z] ----------------------------------------------------------------------
[debug] [2021-02-26T21:55:47.420Z] Command:       C:\Program Files\nodejs\node.exe C:\Users\Probe\AppData\Roaming\npm\node_modules\firebase-tools\lib\bin\firebase.js deploy
[debug] [2021-02-26T21:55:47.420Z] CLI Version:   9.1.0
[debug] [2021-02-26T21:55:47.420Z] Platform:      win32
[debug] [2021-02-26T21:55:47.420Z] Node Version:  v14.15.1
[debug] [2021-02-26T21:55:47.421Z] Time:          Fri Feb 26 2021 23:55:47 GMT+0200 (Israel Standard Time)
[debug] [2021-02-26T21:55:47.421Z] ----------------------------------------------------------------------
[debug] [2021-02-26T21:55:47.421Z] 
[debug] [2021-02-26T21:55:47.428Z] > command requires scopes: ["email","openid","https://www.googleapis.com/auth/cloudplatformprojects.readonly","https://www.googleapis.com/auth/firebase","https://www.googleapis.com/auth/cloud-platform"]
[debug] [2021-02-26T21:55:47.429Z] > authorizing via signed-in user
[debug] [2021-02-26T21:55:47.429Z] [iam] checking project incredi-client for permissions ["firebase.projects.get","firebasehosting.sites.update"]
[debug] [2021-02-26T21:55:47.431Z] >>> HTTP REQUEST POST https://cloudresourcemanager.googleapis.com/v1/projects/incredi-client:testIamPermissions  
 {"permissions":["firebase.projects.get","firebasehosting.sites.update"]}
[debug] [2021-02-26T21:55:48.272Z] <<< HTTP RESPONSE 200 {"content-type":"application/json; charset=UTF-8","vary":"X-Origin, Referer, Origin,Accept-Encoding","date":"Fri, 26 Feb 2021 21:55:48 GMT","server":"ESF","cache-control":"private","x-xss-protection":"0","x-frame-options":"SAMEORIGIN","x-content-type-options":"nosniff","server-timing":"gfet4t7; dur=613","alt-svc":"h3-29=\":443\"; ma=2592000,h3-T051=\":443\"; ma=2592000,h3-Q050=\":443\"; ma=2592000,h3-Q046=\":443\"; ma=2592000,h3-Q043=\":443\"; ma=2592000,quic=\":443\"; ma=2592000; v=\"46,43\"","accept-ranges":"none","transfer-encoding":"chunked"}
[debug] [2021-02-26T21:55:48.273Z] >>> HTTP REQUEST GET https://firebase.googleapis.com/v1beta1/projects/incredi-client  
 
[debug] [2021-02-26T21:55:48.649Z] <<< HTTP RESPONSE 200 {"content-type":"application/json; charset=UTF-8","vary":"X-Origin, Referer, Origin,Accept-Encoding","date":"Fri, 26 Feb 2021 21:55:49 GMT","server":"ESF","cache-control":"private","x-xss-protection":"0","x-frame-options":"SAMEORIGIN","x-content-type-options":"nosniff","alt-svc":"h3-29=\":443\"; ma=2592000,h3-T051=\":443\"; ma=2592000,h3-Q050=\":443\"; ma=2592000,h3-Q046=\":443\"; ma=2592000,h3-Q043=\":443\"; ma=2592000,quic=\":443\"; ma=2592000; v=\"46,43\"","accept-ranges":"none","transfer-encoding":"chunked"}
[info] 
[info] === Deploying to 'incredi-client'...
[info] 
[info] i  deploying hosting 
[debug] [2021-02-26T21:55:48.654Z] >>> HTTP REQUEST POST https://firebasehosting.googleapis.com/v1beta1/sites/incredi-client/versions  
 {"config":{"rewrites":[{"glob":"**","path":"/index.html"}]},"labels":{"deployment-tool":"cli-firebase"}}
